2016-05-11 11:08:23.532/2.756 Oracle Coherence 12.2.1.0.0 <Info> (thread=main, member=n/a): Loaded operational configuration from "jar:file:/C:/Oracle/1221/coherence/lib/coherence.jar!/tangosol-coherence.xml"
2016-05-11 11:08:23.649/2.874 Oracle Coherence 12.2.1.0.0 <Info> (thread=main, member=n/a): Loaded operational overrides from "jar:file:/C:/Oracle/1221/coherence/lib/coherence.jar!/tangosol-coherence-override-dev.xml"
2016-05-11 11:08:23.656/2.881 Oracle Coherence 12.2.1.0.0 <D5> (thread=main, member=n/a): Optional configuration override "/tangosol-coherence-override.xml" is not specified
2016-05-11 11:08:23.660/2.885 Oracle Coherence 12.2.1.0.0 <D5> (thread=main, member=n/a): Optional configuration override "cache-factory-config.xml" is not specified
2016-05-11 11:08:23.663/2.888 Oracle Coherence 12.2.1.0.0 <D5> (thread=main, member=n/a): Optional configuration override "cache-factory-builder-config.xml" is not specified
2016-05-11 11:08:23.664/2.889 Oracle Coherence 12.2.1.0.0 <D5> (thread=main, member=n/a): Optional configuration override "/custom-mbeans.xml" is not specified

Oracle Coherence Version 12.2.1.0.0 Build 60603
 Grid Edition: Development mode
Copyright (c) 2000, 2015, Oracle and/or its affiliates. All rights reserved.

2016-05-11 11:08:23.813/3.037 Oracle Coherence GE 12.2.1.0.0 <Info> (thread=main, member=n/a): Loaded FMW commons version: 12.2.1-0-0-SNAPSHOT b60603
2016-05-11 11:08:23.820/3.045 Oracle Coherence GE 12.2.1.0.0 <Info> (thread=main, member=n/a): Created cache factory com.tangosol.net.DefaultConfigurableCacheFactory
2016-05-11 11:08:24.288/3.512 Oracle Coherence GE 12.2.1.0.0 <Info> (thread=main, member=n/a): The cluster name has not been configured, a value of "Mario's cluster" has been automatically generated
WARNING: Failed to load WSDL from oramds:/apps/Commons/DC_SC_ErrorManager/SupportAPI/WSDL/ErrorManager.wsdl due to: Error in getting XML input stream: oramds:/apps/Commons/DC_SC_ErrorManager/SupportAPI/WSDL/ErrorManager.wsdl: oracle.mds.exception.MDSException: MDS-00054: The file to be loaded oramds:/apps/Commons/DC_SC_ErrorManager/SupportAPI/WSDL/ErrorManager.wsdl does not exist.
WARNING: Failed to load WSDL from WSDLs/ErrorManagerWrapper2.wsdl due to: WSDLException: faultCode=INVALID_WSDL: Error reading import of file:/C:/Repos/ENTEL/branches/B_00000_v1.2/01_Workspace/02_SOA/ES_Consumer_v1/Update_Consumer_OH_CHL/SOA/WSDLs/ErrorManagerWrapper2.wsdl: oracle.j2ee.ws.wsdl.LocalizedWSDLException: WSDLException: faultCode=PARSER_ERROR: Failed to read wsdl file at: "oramds:/apps/Commons/DC_SC_ErrorManager/SupportAPI/WSDL/ErrorManager.wsdl", caused by: java.io.IOException.: java.io.IOException: oracle.mds.exception.MDSException: MDS-00054: The file to be loaded oramds:/apps/Commons/DC_SC_ErrorManager/SupportAPI/WSDL/ErrorManager.wsdl does not exist.
WARNING: Failed to load WSDL from WSDLs/ConversationManagerWrapper1.wsdl due to: WSDLException: faultCode=INVALID_WSDL: Error reading import of file:/C:/Repos/ENTEL/branches/B_00000_v1.2/01_Workspace/02_SOA/ES_Consumer_v1/Update_Consumer_OH_CHL/SOA/WSDLs/ConversationManagerWrapper1.wsdl: oracle.j2ee.ws.wsdl.LocalizedWSDLException: WSDLException: faultCode=PARSER_ERROR: Failed to read wsdl file at: "oramds:/apps/Commons/DC_SC_ConversationManager/SupportAPI/WSDL/ConversationManager.wsdl", caused by: java.io.IOException.: java.io.IOException: oracle.mds.exception.MDSException: MDS-00054: The file to be loaded oramds:/apps/Commons/DC_SC_ConversationManager/SupportAPI/WSDL/ConversationManager.wsdl does not exist.
WARNING: Failed to load WSDL from oramds:/apps/Commons/DC_SC_ConversationManager/SupportAPI/WSDL/ConversationManager.wsdl due to: Error in getting XML input stream: oramds:/apps/Commons/DC_SC_ConversationManager/SupportAPI/WSDL/ConversationManager.wsdl: oracle.mds.exception.MDSException: MDS-00054: The file to be loaded oramds:/apps/Commons/DC_SC_ConversationManager/SupportAPI/WSDL/ConversationManager.wsdl does not exist.
WARNING: Validating WSDLs from WSDLManager....  with option UseSoaInfraMds:false
WARNING: Schema load failed due to: Error loading schema from file:/C:/Repos/ENTEL/branches/B_00000_v1.2/01_Workspace/02_SOA/ES_Consumer_v1/Update_Consumer_OH_CHL/SOA/WSDLs/jmsReference_Upd_RA_SALESFORCE.wsdl [Cause=Error in getting XML input stream: oramds:/apps/Commons/DC_RA_CHL-SALESFORCE_v1/ResourceAdapters/CHL-SALESFORCE-CRM_UPD-CLI-DATA_RA_v1/XSD/CHL-SALESFORCE-CRM_UPD-CLI-DATA_v1_CSM.xsd: oracle.mds.exception.MDSException: MDS-00054: The file to be loaded oramds:/apps/Commons/DC_RA_CHL-SALESFORCE_v1/ResourceAdapters/CHL-SALESFORCE-CRM_UPD-CLI-DATA_RA_v1/XSD/CHL-SALESFORCE-CRM_UPD-CLI-DATA_v1_CSM.xsd does not exist.]
oracle.fabric.common.wsdl.XSDException: Error loading schema from file:/C:/Repos/ENTEL/branches/B_00000_v1.2/01_Workspace/02_SOA/ES_Consumer_v1/Update_Consumer_OH_CHL/SOA/WSDLs/jmsReference_Upd_RA_SALESFORCE.wsdl [Cause=Error in getting XML input stream: oramds:/apps/Commons/DC_RA_CHL-SALESFORCE_v1/ResourceAdapters/CHL-SALESFORCE-CRM_UPD-CLI-DATA_RA_v1/XSD/CHL-SALESFORCE-CRM_UPD-CLI-DATA_v1_CSM.xsd: oracle.mds.exception.MDSException: MDS-00054: The file to be loaded oramds:/apps/Commons/DC_RA_CHL-SALESFORCE_v1/ResourceAdapters/CHL-SALESFORCE-CRM_UPD-CLI-DATA_RA_v1/XSD/CHL-SALESFORCE-CRM_UPD-CLI-DATA_v1_CSM.xsd does not exist.]
	at oracle.fabric.common.wsdl.SchemaBuilder.loadEmbeddedSchemas(SchemaBuilder.java:580)
	at oracle.fabric.common.wsdl.SchemaBuilder.loadSchemasFromWSDL(SchemaBuilder.java:452)
	at oracle.fabric.common.wsdl.SchemaBuilder.loadImportedSchemasPerNS(SchemaBuilder.java:652)
	at oracle.fabric.common.wsdl.SchemaBuilder.loadImportedSchemasPerWSDL(SchemaBuilder.java:607)
	at oracle.fabric.common.wsdl.SchemaBuilder.loadSchemasFromWSDL(SchemaBuilder.java:448)
	at oracle.fabric.common.wsdl.SchemaBuilder.loadAllSchemas(SchemaBuilder.java:249)
	at oracle.fabric.common.wsdl.SchemaManager.loadAllXSD(SchemaManager.java:414)
	at oracle.fabric.common.wsdl.SchemaManager.buildXDKSchema(SchemaManager.java:697)
	at oracle.fabric.common.wsdl.SchemaManager.lookupSchema(SchemaManager.java:548)
	at oracle.fabric.common.wsdl.SchemaManager.lookupXSDElementDeclaration(SchemaManager.java:873)
	at oracle.soa.scac.WSDLValidator.validateMessageParts(WSDLValidator.java:113)
	at oracle.soa.scac.WSDLValidator.validateMessages(WSDLValidator.java:88)
	at oracle.soa.scac.WSDLValidator.validate(WSDLValidator.java:44)
	at oracle.soa.scac.ValidateComposite.loadWSDLs(ValidateComposite.java:1002)
	at oracle.soa.scac.ValidateComposite.doValidation0(ValidateComposite.java:589)
	at oracle.soa.scac.ValidateComposite.doValidation(ValidateComposite.java:577)
	at oracle.soa.scac.ValidateComposite.run0(ValidateComposite.java:228)
	at oracle.soa.scac.ValidateComposite.run(ValidateComposite.java:209)
	at oracle.soa.scac.ValidateComposite.main(ValidateComposite.java:201)
Caused by: oracle.fabric.common.FabricException: Error in getting XML input stream: oramds:/apps/Commons/DC_RA_CHL-SALESFORCE_v1/ResourceAdapters/CHL-SALESFORCE-CRM_UPD-CLI-DATA_RA_v1/XSD/CHL-SALESFORCE-CRM_UPD-CLI-DATA_v1_CSM.xsd: oracle.mds.exception.MDSException: MDS-00054: The file to be loaded oramds:/apps/Commons/DC_RA_CHL-SALESFORCE_v1/ResourceAdapters/CHL-SALESFORCE-CRM_UPD-CLI-DATA_RA_v1/XSD/CHL-SALESFORCE-CRM_UPD-CLI-DATA_v1_CSM.xsd does not exist.
	at oracle.fabric.common.metadata.MetadataManagerImpl.getInputStreamFromAbsoluteURL(MetadataManagerImpl.java:361)
	at oracle.integration.platform.common.MDSMetadataManagerImpl.getInputStreamFromAbsoluteURL(MDSMetadataManagerImpl.java:836)
	at oracle.fabric.common.metadata.MetadataManagerImpl.getDocumentAsInputStreamUsingUrlResolver(MetadataManagerImpl.java:217)
	at oracle.integration.platform.common.MDSMetadataManagerImpl.getDocumentAsInputStreamUsingCustomization(MDSMetadataManagerImpl.java:553)
	at oracle.integration.platform.common.MDSMetadataManagerImpl.getDocumentAsInputStream(MDSMetadataManagerImpl.java:535)
	at oracle.fabric.common.wsdl.SchemaBuilder.parseXMLSrc(SchemaBuilder.java:1112)
	at oracle.fabric.common.wsdl.SchemaBuilder.parseXSDSrc(SchemaBuilder.java:1062)
	at oracle.fabric.common.wsdl.SchemaBuilder.processSchemaImportsAndInclude(SchemaBuilder.java:872)
	at oracle.fabric.common.wsdl.SchemaBuilder.loadEmbeddedSchemas(SchemaBuilder.java:576)
	... 18 more
Caused by: java.io.IOException: oracle.mds.exception.MDSException: MDS-00054: The file to be loaded oramds:/apps/Commons/DC_RA_CHL-SALESFORCE_v1/ResourceAdapters/CHL-SALESFORCE-CRM_UPD-CLI-DATA_RA_v1/XSD/CHL-SALESFORCE-CRM_UPD-CLI-DATA_v1_CSM.xsd does not exist.
	at oracle.mds.internal.net.AbstractOraMDSURLConnection.getPDocStreamWithRetry(AbstractOraMDSURLConnection.java:738)
	at oracle.mds.internal.net.AbstractOraMDSURLConnection.getInputStream(AbstractOraMDSURLConnection.java:295)
	at oracle.mds.internal.net.OraMDSURLConnection.getInputStream(OraMDSURLConnection.java:89)
	at java.net.URL.openStream(URL.java:1038)
	at oracle.fabric.common.metadata.MetadataManagerImpl.openStreamWithRetry(MetadataManagerImpl.java:373)
	at oracle.fabric.common.metadata.MetadataManagerImpl.getInputStreamFromAbsoluteURL(MetadataManagerImpl.java:353)
	... 26 more
Caused by: oracle.mds.exception.MDSException: MDS-00054: The file to be loaded oramds:/apps/Commons/DC_RA_CHL-SALESFORCE_v1/ResourceAdapters/CHL-SALESFORCE-CRM_UPD-CLI-DATA_RA_v1/XSD/CHL-SALESFORCE-CRM_UPD-CLI-DATA_v1_CSM.xsd does not exist.
	... 32 more
WARNING: Cannot resolve entity model for: http://www.entel.cl/CSM/RA/CHL/SALESFORCE/CRM/UPD-CLI-DATA/v1
WARNING: Cannot resolve entity model for: http://www.entel.cl/CSM/RA/CHL/SALESFORCE/CRM/UPD-CLI-DATA/v1
WARNING: Cannot resolve entity model for: http://www.entel.cl/CSM/RA/CHL/SALESFORCE/CRM/UPD-CLI-DATA/v1
WARNING: Cannot resolve entity model for: http://www.entel.cl/CSM/RA/CHL/SALESFORCE/CRM/UPD-CLI-DATA/v1
WARNING: Cannot resolve entity model for: http://www.entel.cl/CSM/RA/CHL/SALESFORCE/CRM/UPD-CLI-DATA/v1
WARNING: Cannot resolve entity model for: http://www.entel.cl/CSM/RA/CHL/SALESFORCE/CRM/UPD-CLI-DATA/v1
WARNING: Failed to load WSDL from oramds:/apps/Commons/DC_SC_ErrorManager/SupportAPI/WSDL/ErrorManager.wsdl due to: Error in getting XML input stream: oramds:/apps/Commons/DC_SC_ErrorManager/SupportAPI/WSDL/ErrorManager.wsdl: oracle.mds.exception.MDSException: MDS-00054: The file to be loaded oramds:/apps/Commons/DC_SC_ErrorManager/SupportAPI/WSDL/ErrorManager.wsdl does not exist.
WARNING: JRF is unable to determine the current application server platform.
Java HotSpot(TM) 64-Bit Server VM warning: ignoring option PermSize=32m; support was removed in 8.0
Java HotSpot(TM) 64-Bit Server VM warning: ignoring option MaxPermSize=256m; support was removed in 8.0
